0 info it worked if it ends with ok
1 verbose cli [ 'C:\\Program Files\\nodejs\\node.exe',
1 verbose cli   'C:\\Program Files\\nodejs\\node_modules\\npm\\bin\\npm-cli.js',
1 verbose cli   'start' ]
2 info using npm@3.10.10
3 info using node@v6.11.1
4 verbose run-script [ 'prestart', 'start', 'poststart' ]
5 info lifecycle rest-server@0.0.0~prestart: rest-server@0.0.0
6 silly lifecycle rest-server@0.0.0~prestart: no script for prestart, continuing
7 info lifecycle rest-server@0.0.0~start: rest-server@0.0.0
8 verbose lifecycle rest-server@0.0.0~start: unsafe-perm in lifecycle true
9 verbose lifecycle rest-server@0.0.0~start: PATH: C:\Program Files\nodejs\node_modules\npm\bin\node-gyp-bin;C:\Users\Shane\Documents\Server Side Development\Week 1\Week3\rest-server-passport\node_modules\.bin;C:\Program Files\Java\jdk1.8.0_65\bin;C:\ProgramData\Oracle\Java\javapath;C:\Program Files\Java\jdk1.8.0_65\jre\bin\javaw.exe;C:\Program Files\Java\jdk1.8.0_65\jre\bin\java.exe;C:\Program Files\Java\jdk1.8.0_65;%java_home%\bin\bin;C:\Windows\system32;C:\Windows;C:\Windows\System32\Wbem;C:\Windows\System32\WindowsPowerShell\v1.0\;C:\Program Files (x86)\Zend\MySQL55\bin;c:\Program Files (x86)\Microsoft SQL Server\100\Tools\Binn\;c:\Program Files\Microsoft SQL Server\100\Tools\Binn\;c:\Program Files\Microsoft SQL Server\100\DTS\Binn\;C:\Program Files (x86)\Microsoft SQL Server\100\Tools\Binn\VSShell\Common7\IDE\;C:\Program Files (x86)\Microsoft Visual Studio 9.0\Common7\IDE\PrivateAssemblies\;C:\Program Files (x86)\Microsoft SQL Server\100\DTS\Binn\;C:\Program Files (x86)\Zend\ZendServer\share\ZendFramework\bin;C:\Program Files (x86)\Zend\ZendServer\bin;C:\Program Files\apache-ant-1.9.6\bin;C:\Program Files\Microsoft SQL Server\110\Tools\Binn\;C:\Program Files (x86)\Microsoft SQL Server\110\Tools\Binn\;C:\Program Files\Microsoft SQL Server\110\DTS\Binn\;C:\Program Files (x86)\Microsoft SQL Server\110\Tools\Binn\ManagementStudio\;C:\Program Files (x86)\Microsoft SQL Server\110\DTS\Binn\;C:\Users\Shane\.dnx\bin;C:\Program Files\Microsoft DNX\Dnvm\;C:\Program Files\Microsoft SQL Server\130\Tools\Binn\;C:\Program Files\ASUS\Bluetooth Software\;C:\Program Files\ASUS\Bluetooth Software\syswow64;C:\Program Files\nodejs\;C:\Program Files (x86)\Brackets\command;C:\Users\Shane\AppData\Local\Programs\Python\Python35-32\Scripts\;C:\Users\Shane\AppData\Local\Programs\Python\Python35-32\;C:\Users\Shane\AppData\Roaming\npm;C:\Program Files\MongoDB\Server\3.4\bin
10 verbose lifecycle rest-server@0.0.0~start: CWD: C:\Users\Shane\Documents\Server Side Development\Week 1\Week3\rest-server-passport
11 silly lifecycle rest-server@0.0.0~start: Args: [ '/d /s /c', 'node ./bin/www' ]
12 silly lifecycle rest-server@0.0.0~start: Returned: code: 3221225786  signal: null
13 info lifecycle rest-server@0.0.0~start: Failed to exec start script
14 verbose stack Error: rest-server@0.0.0 start: `node ./bin/www`
14 verbose stack Exit status 3221225786
14 verbose stack     at EventEmitter.<anonymous> (C:\Program Files\nodejs\node_modules\npm\lib\utils\lifecycle.js:255:16)
14 verbose stack     at emitTwo (events.js:106:13)
14 verbose stack     at EventEmitter.emit (events.js:191:7)
14 verbose stack     at ChildProcess.<anonymous> (C:\Program Files\nodejs\node_modules\npm\lib\utils\spawn.js:40:14)
14 verbose stack     at emitTwo (events.js:106:13)
14 verbose stack     at ChildProcess.emit (events.js:191:7)
14 verbose stack     at maybeClose (internal/child_process.js:891:16)
14 verbose stack     at Process.ChildProcess._handle.onexit (internal/child_process.js:226:5)
15 verbose pkgid rest-server@0.0.0
16 verbose cwd C:\Users\Shane\Documents\Server Side Development\Week 1\Week3\rest-server-passport
17 error Windows_NT 6.1.7601
18 error argv "C:\\Program Files\\nodejs\\node.exe" "C:\\Program Files\\nodejs\\node_modules\\npm\\bin\\npm-cli.js" "start"
19 error node v6.11.1
20 error npm  v3.10.10
21 error code ELIFECYCLE
22 error rest-server@0.0.0 start: `node ./bin/www`
22 error Exit status 3221225786
23 error Failed at the rest-server@0.0.0 start script 'node ./bin/www'.
23 error Make sure you have the latest version of node.js and npm installed.
23 error If you do, this is most likely a problem with the rest-server package,
23 error not with npm itself.
23 error Tell the author that this fails on your system:
23 error     node ./bin/www
23 error You can get information on how to open an issue for this project with:
23 error     npm bugs rest-server
23 error Or if that isn't available, you can get their info via:
23 error     npm owner ls rest-server
23 error There is likely additional logging output above.
24 verbose exit [ 1, true ]
